This file contains any messages produced by compilers while
running configure, to aid debugging if configure makes a mistake.

It was created by Deep Space Window Manager (part of Deep Space Style project) configure 0.0.4, which was
generated by GNU Autoconf 2.69.  Invocation command line was

  $ ./configure 

## --------- ##
## Platform. ##
## --------- ##

hostname = kuzmich
uname -m = x86_64
uname -r = 3.3.7-1-ARCH
uname -s = Linux
uname -v = #1 SMP PREEMPT Tue May 22 00:26:26 CEST 2012

/usr/bin/uname -p = unknown
/bin/uname -X     = unknown

/bin/arch              = unknown
/usr/bin/arch -k       = unknown
/usr/convex/getsysinfo = unknown
/usr/bin/hostinfo      = unknown
/bin/machine           = unknown
/usr/bin/oslevel       = unknown
/bin/universe          = unknown

PATH: /usr/local/bin
PATH: /usr/bin
PATH: /bin
PATH: /usr/local/sbin
PATH: /usr/sbin
PATH: /sbin
PATH: /opt/grass/bin
PATH: /opt/kde/bin
PATH: /usr/bin/core_perl
PATH: /opt/qt/bin


## ----------- ##
## Core tests. ##
## ----------- ##

configure:1759: checking for sbcl
configure:1777: found /usr/bin/sbcl
configure:1790: result: /usr/bin/sbcl
configure:1809: checking for clisp
configure:1843: result: no
configure:1885: Using sbcl at /usr/bin/sbcl
configure:1892: checking for makeinfo
configure:1908: found /usr/bin/makeinfo
configure:1920: result: yes
configure:1935: checking for xdpyinfo
configure:1951: found /usr/bin/xdpyinfo
configure:1963: result: yes
configure:2188: creating ./config.status

## ---------------------- ##
## Running config.status. ##
## ---------------------- ##

This file was extended by Deep Space Window Manager (part of Deep Space Style project) config.status 0.0.4, which was
generated by GNU Autoconf 2.69.  Invocation command line was

  CONFIG_FILES    = 
  CONFIG_HEADERS  = 
  CONFIG_LINKS    = 
  CONFIG_COMMANDS = 
  $ ./config.status 

on kuzmich

config.status:722: creating Makefile
configure:3345: creating ./config.status

## ---------------------- ##
## Running config.status. ##
## ---------------------- ##

This file was extended by Deep Space Window Manager (part of Deep Space Style project) config.status 0.0.4, which was
generated by GNU Autoconf 2.69.  Invocation command line was

  CONFIG_FILES    = 
  CONFIG_HEADERS  = 
  CONFIG_LINKS    = 
  CONFIG_COMMANDS = 
  $ ./config.status 

on kuzmich

config.status:723: creating Makefile
config.status:723: creating make-image.lisp
configure:4503: creating ./config.status

## ---------------------- ##
## Running config.status. ##
## ---------------------- ##

This file was extended by Deep Space Window Manager (part of Deep Space Style project) config.status 0.0.4, which was
generated by GNU Autoconf 2.69.  Invocation command line was

  CONFIG_FILES    = 
  CONFIG_HEADERS  = 
  CONFIG_LINKS    = 
  CONFIG_COMMANDS = 
  $ ./config.status 

on kuzmich

config.status:724: creating Makefile
config.status:724: creating make-image.lisp
config.status:724: creating module.lisp
configure:5662: creating ./config.status

## ---------------------- ##
## Running config.status. ##
## ---------------------- ##

This file was extended by Deep Space Window Manager (part of Deep Space Style project) config.status 0.0.4, which was
generated by GNU Autoconf 2.69.  Invocation command line was

  CONFIG_FILES    = 
  CONFIG_HEADERS  = 
  CONFIG_LINKS    = 
  CONFIG_COMMANDS = 
  $ ./config.status 

on kuzmich

config.status:725: creating Makefile
config.status:725: creating make-image.lisp
config.status:725: creating module.lisp
config.status:725: creating help.lisp
configure:6822: creating ./config.status

## ---------------------- ##
## Running config.status. ##
## ---------------------- ##

This file was extended by Deep Space Window Manager (part of Deep Space Style project) config.status 0.0.4, which was
generated by GNU Autoconf 2.69.  Invocation command line was

  CONFIG_FILES    = 
  CONFIG_HEADERS  = 
  CONFIG_LINKS    = 
  CONFIG_COMMANDS = 
  $ ./config.status 

on kuzmich

config.status:726: creating Makefile
config.status:726: creating make-image.lisp
config.status:726: creating module.lisp
config.status:726: creating help.lisp
config.status:726: creating dswm.desktop
configure:7983: creating ./config.status

## ---------------------- ##
## Running config.status. ##
## ---------------------- ##

This file was extended by Deep Space Window Manager (part of Deep Space Style project) config.status 0.0.4, which was
generated by GNU Autoconf 2.69.  Invocation command line was

  CONFIG_FILES    = 
  CONFIG_HEADERS  = 
  CONFIG_LINKS    = 
  CONFIG_COMMANDS = 
  $ ./config.status 

on kuzmich

config.status:727: creating Makefile
config.status:727: creating make-image.lisp
config.status:727: creating module.lisp
config.status:727: creating help.lisp
config.status:727: creating dswm.desktop
config.status:727: creating dswm.texi
configure:9145: creating ./config.status

## ---------------------- ##
## Running config.status. ##
## ---------------------- ##

This file was extended by Deep Space Window Manager (part of Deep Space Style project) config.status 0.0.4, which was
generated by GNU Autoconf 2.69.  Invocation command line was

  CONFIG_FILES    = 
  CONFIG_HEADERS  = 
  CONFIG_LINKS    = 
  CONFIG_COMMANDS = 
  $ ./config.status 

on kuzmich

config.status:728: creating Makefile
config.status:728: creating make-image.lisp
config.status:728: creating module.lisp
config.status:728: creating help.lisp
config.status:728: creating dswm.desktop
config.status:728: creating dswm.texi
config.status:728: creating dswm.asd

## ---------------- ##
## Cache variables. ##
## ---------------- ##

ac_cv_env_build_alias_set=
ac_cv_env_build_alias_value=
ac_cv_env_host_alias_set=
ac_cv_env_host_alias_value=
ac_cv_env_target_alias_set=
ac_cv_env_target_alias_value=
ac_cv_path_CLISP=
ac_cv_path_SBCL=/usr/bin/sbcl
ac_cv_prog_MAKEINFO=yes
ac_cv_prog_XDPYINFO=yes

## ----------------- ##
## Output variables. ##
## ----------------- ##

CLISP=''
DEFS='-DPACKAGE_NAME=\"Deep\ Space\ Window\ Manager\ \(part\ of\ Deep\ Space\ Style\ project\)\" -DPACKAGE_TARNAME=\"deep-space-window-manager--part-of-deep-space-style-project-\" -DPACKAGE_VERSION=\"0.0.4\" -DPACKAGE_STRING=\"Deep\ Space\ Window\ Manager\ \(part\ of\ Deep\ Space\ Style\ project\)\ 0.0.4\" -DPACKAGE_BUGREPORT=\"cosmonaut.ok@gmail.com\" -DPACKAGE_URL=\"\"'
DSWM_BIN_DIR=''
ECHO_C=''
ECHO_N='-n'
ECHO_T=''
LIBOBJS=''
LIBS=''
LISP='sbcl'
LISP_PROGRAM='/usr/bin/sbcl'
LTLIBOBJS=''
MAKEINFO='yes'
MODULES_DIR=''
PACKAGE_BUGREPORT='cosmonaut.ok@gmail.com'
PACKAGE_NAME='Deep Space Window Manager (part of Deep Space Style project)'
PACKAGE_STRING='Deep Space Window Manager (part of Deep Space Style project) 0.0.4'
PACKAGE_TARNAME='deep-space-window-manager--part-of-deep-space-style-project-'
PACKAGE_URL=''
PACKAGE_VERSION='0.0.4'
PATH_SEPARATOR=':'
PPCRE_PATH='/home/cosmonaut/dev/dss/dswm/cl-ppcre'
SBCL='/usr/bin/sbcl'
SHELL='/bin/sh'
XDPYINFO='yes'
bindir='${exec_prefix}/bin'
build_alias=''
datadir='${datarootdir}'
datarootdir='${prefix}/share'
docdir='${datarootdir}/doc/${PACKAGE_TARNAME}'
dvidir='${docdir}'
exec_prefix='${prefix}'
host_alias=''
htmldir='${docdir}'
includedir='${prefix}/include'
infodir='${datarootdir}/info'
libdir='${exec_prefix}/lib'
libexecdir='${exec_prefix}/libexec'
localedir='${datarootdir}/locale'
localstatedir='${prefix}/var'
mandir='${datarootdir}/man'
oldincludedir='/usr/include'
pdfdir='${docdir}'
prefix='/usr/local'
program_transform_name='s,x,x,'
psdir='${docdir}'
sbindir='${exec_prefix}/sbin'
sharedstatedir='${prefix}/com'
sysconfdir='${prefix}/etc'
target_alias=''

## ----------- ##
## confdefs.h. ##
## ----------- ##

/* confdefs.h */
#define PACKAGE_NAME "Deep Space Window Manager (part of Deep Space Style project)"
#define PACKAGE_TARNAME "deep-space-window-manager--part-of-deep-space-style-project-"
#define PACKAGE_VERSION "0.0.4"
#define PACKAGE_STRING "Deep Space Window Manager (part of Deep Space Style project) 0.0.4"
#define PACKAGE_BUGREPORT "cosmonaut.ok@gmail.com"
#define PACKAGE_URL ""

configure: exit 0
